================================================== 
Inicio: 14/04/2026 15:50:21.46 
Directorio: C:\Users\LENOVO\Desktop\FinanIA 
================================================== 
[OK] Python detectado: py 
[OK] Entorno virtual activo. 
[INFO] Instalando dependencias... 
Requirement already satisfied: pip in .\.venv\Lib\site-packages (26.0.1)
Requirement already satisfied: Flask==3.0.0 in .\.venv\Lib\site-packages (from -r requirements.txt (line 1)) (3.0.0)
Requirement already satisfied: Flask-CORS==4.0.0 in .\.venv\Lib\site-packages (from -r requirements.txt (line 2)) (4.0.0)
Requirement already satisfied: PyMySQL==1.1.0 in .\.venv\Lib\site-packages (from -r requirements.txt (line 3)) (1.1.0)
Requirement already satisfied: reportlab==4.0.7 in .\.venv\Lib\site-packages (from -r requirements.txt (line 4)) (4.0.7)
Requirement already satisfied: Werkzeug==3.0.1 in .\.venv\Lib\site-packages (from -r requirements.txt (line 5)) (3.0.1)
Requirement already satisfied: Jinja2>=3.1.2 in .\.venv\Lib\site-packages (from Flask==3.0.0->-r requirements.txt (line 1)) (3.1.6)
Requirement already satisfied: itsdangerous>=2.1.2 in .\.venv\Lib\site-packages (from Flask==3.0.0->-r requirements.txt (line 1)) (2.2.0)
Requirement already satisfied: click>=8.1.3 in .\.venv\Lib\site-packages (from Flask==3.0.0->-r requirements.txt (line 1)) (8.3.2)
Requirement already satisfied: blinker>=1.6.2 in .\.venv\Lib\site-packages (from Flask==3.0.0->-r requirements.txt (line 1)) (1.9.0)
Requirement already satisfied: pillow>=9.0.0 in .\.venv\Lib\site-packages (from reportlab==4.0.7->-r requirements.txt (line 4)) (12.2.0)
Requirement already satisfied: MarkupSafe>=2.1.1 in .\.venv\Lib\site-packages (from Werkzeug==3.0.1->-r requirements.txt (line 5)) (3.0.3)
Requirement already satisfied: colorama in .\.venv\Lib\site-packages (from click>=8.1.3->Flask==3.0.0->-r requirements.txt (line 1)) (0.4.6)
[WARN] mysql no esta en PATH. 
